<?xml version="1.0" encoding="UTF-8"?>
<coverage generated="1553013935722" clover="3.2.0">
  <project timestamp="1553013935723" name="All files">
    <metrics statements="13" coveredstatements="12" conditionals="18" coveredconditionals="14" methods="3" coveredmethods="3" elements="34" coveredelements="29" complexity="0" loc="13" ncloc="13" packages="1" files="1" classes="1">
      <file name="index.js" path="C:\Users\Matej\Desktop\react-polaroid\src\index.js">
        <metrics statements="13" coveredstatements="12" conditionals="18" coveredconditionals="14" methods="3" coveredmethods="3"/>
        <line num="62" count="12" type="stmt"/>
        <line num="63" count="12" type="stmt"/>
        <line num="68" count="1" type="stmt"/>
        <line num="69" count="1" type="stmt"/>
        <line num="71" count="1" type="cond" truecount="1" falsecount="1"/>
        <line num="72" count="1" type="cond" truecount="1" falsecount="1"/>
        <line num="76" count="1" type="stmt"/>
        <line num="82" count="0" type="stmt"/>
        <line num="95" count="13" type="stmt"/>
        <line num="97" count="13" type="cond" truecount="4" falsecount="0"/>
        <line num="101" count="13" type="cond" truecount="4" falsecount="0"/>
        <line num="104" count="13" type="stmt"/>
        <line num="153" count="1" type="stmt"/>
      </file>
    </metrics>
  </project>
</coverage>
