{"C:\\Users\\Matej\\Desktop\\react-polaroid\\src\\index.js": {"path":"C:\\Users\\Matej\\Desktop\\react-polaroid\\src\\index.js","statementMap":{"0":{"start":{"line":62,"column":4},"end":{"line":62,"column":17}},"1":{"start":{"line":63,"column":4},"end":{"line":65,"column":6}},"2":{"start":{"line":68,"column":18},"end":{"line":68,"column":28}},"3":{"start":{"line":69,"column":18},"end":{"line":69,"column":28}},"4":{"start":{"line":71,"column":4},"end":{"line":80,"column":5}},"5":{"start":{"line":72,"column":6},"end":{"line":79,"column":7}},"6":{"start":{"line":76,"column":8},"end":{"line":78,"column":11}},"7":{"start":{"line":82,"column":4},"end":{"line":82,"column":17}},"8":{"start":{"line":95,"column":8},"end":{"line":95,"column":18}},"9":{"start":{"line":97,"column":6},"end":{"line":99,"column":46}},"10":{"start":{"line":101,"column":6},"end":{"line":103,"column":18}},"11":{"start":{"line":104,"column":4},"end":{"line":150,"column":6}},"12":{"start":{"line":153,"column":0},"end":{"line":164,"column":2}}},"fnMap":{"0":{"name":"(anonymous_0)","decl":{"start":{"line":61,"column":2},"end":{"line":61,"column":3}},"loc":{"start":{"line":61,"column":21},"end":{"line":66,"column":3}},"line":61},"1":{"name":"(anonymous_1)","decl":{"start":{"line":67,"column":2},"end":{"line":67,"column":3}},"loc":{"start":{"line":67,"column":38},"end":{"line":83,"column":3}},"line":67},"2":{"name":"(anonymous_2)","decl":{"start":{"line":85,"column":2},"end":{"line":85,"column":3}},"loc":{"start":{"line":85,"column":11},"end":{"line":151,"column":3}},"line":85}},"branchMap":{"0":{"loc":{"start":{"line":71,"column":4},"end":{"line":80,"column":5}},"type":"if","locations":[{"start":{"line":71,"column":4},"end":{"line":80,"column":5}},{"start":{"line":71,"column":4},"end":{"line":80,"column":5}}],"line":71},"1":{"loc":{"start":{"line":72,"column":6},"end":{"line":79,"column":7}},"type":"if","locations":[{"start":{"line":72,"column":6},"end":{"line":79,"column":7}},{"start":{"line":72,"column":6},"end":{"line":79,"column":7}}],"line":72},"2":{"loc":{"start":{"line":73,"column":8},"end":{"line":74,"column":56}},"type":"binary-expr","locations":[{"start":{"line":73,"column":9},"end":{"line":73,"column":31}},{"start":{"line":73,"column":35},"end":{"line":73,"column":55}},{"start":{"line":74,"column":9},"end":{"line":74,"column":32}},{"start":{"line":74,"column":36},"end":{"line":74,"column":55}}],"line":73},"3":{"loc":{"start":{"line":97,"column":6},"end":{"line":99,"column":46}},"type":"cond-expr","locations":[{"start":{"line":98,"column":10},"end":{"line":98,"column":27}},{"start":{"line":99,"column":10},"end":{"line":99,"column":46}}],"line":97},"4":{"loc":{"start":{"line":97,"column":6},"end":{"line":97,"column":59}},"type":"binary-expr","locations":[{"start":{"line":97,"column":6},"end":{"line":97,"column":35}},{"start":{"line":97,"column":39},"end":{"line":97,"column":59}}],"line":97},"5":{"loc":{"start":{"line":101,"column":6},"end":{"line":103,"column":18}},"type":"cond-expr","locations":[{"start":{"line":102,"column":10},"end":{"line":102,"column":24}},{"start":{"line":103,"column":10},"end":{"line":103,"column":18}}],"line":101},"6":{"loc":{"start":{"line":101,"column":6},"end":{"line":101,"column":56}},"type":"binary-expr","locations":[{"start":{"line":101,"column":6},"end":{"line":101,"column":26}},{"start":{"line":101,"column":30},"end":{"line":101,"column":56}}],"line":101},"7":{"loc":{"start":{"line":121,"column":23},"end":{"line":121,"column":67}},"type":"cond-expr","locations":[{"start":{"line":121,"column":41},"end":{"line":121,"column":49}},{"start":{"line":121,"column":52},"end":{"line":121,"column":67}}],"line":121}},"s":{"0":12,"1":12,"2":1,"3":1,"4":1,"5":1,"6":1,"7":0,"8":13,"9":13,"10":13,"11":13,"12":1},"f":{"0":12,"1":1,"2":13},"b":{"0":[1,0],"1":[1,0],"2":[1,1,0,0],"3":[3,10],"4":[13,3],"5":[10,3],"6":[13,13],"7":[4,9]},"_coverageSchema":"332fd63041d2c1bcb487cc26dd0d5f7d97098a6c","hash":"1c89170fefe75609bd3b8c71792b844619218ec6"}
}
