TN:
SF:C:\Users\Matej\Desktop\react-polaroid\src\index.js
FN:61,(anonymous_0)
FN:67,(anonymous_1)
FN:83,(anonymous_2)
FNF:3
FNH:3
FNDA:16,(anonymous_0)
FNDA:4,(anonymous_1)
FNDA:19,(anonymous_2)
DA:62,16
DA:63,16
DA:68,4
DA:69,4
DA:70,4
DA:71,3
DA:75,3
DA:81,1
DA:93,19
DA:95,19
DA:99,19
DA:102,19
DA:151,1
LF:13
LH:13
BRDA:70,0,0,3
BRDA:70,0,1,1
BRDA:71,1,0,3
BRDA:71,1,1,0
BRDA:72,2,0,3
BRDA:72,2,1,2
BRDA:72,2,2,1
BRDA:72,2,3,1
BRDA:95,3,0,8
BRDA:95,3,1,11
BRDA:95,4,0,19
BRDA:95,4,1,9
BRDA:99,5,0,10
BRDA:99,5,1,9
BRDA:99,6,0,19
BRDA:99,6,1,18
BRDA:119,7,0,6
BRDA:119,7,1,13
BRF:18
BRH:17
end_of_record
